Depth  Name     #Inst  Area (um^2) 
-----------------------------------
0      adder    831    1165.00032  
###############################################################
#  Generated by:      Cadence Innovus 18.15-s095_1
#  OS:                Linux x86_64(Host ID edasrv1)
#  Generated on:      Wed Jul 30 17:17:06 2025
#  Design:            adder
#  Command:           report_timing >> ${RPT_DIR}/innovus_${DESIGN_NAME}.log
###############################################################
Path 1: MET Path Delay Check
Endpoint:   f[127] (v)
Beginpoint: a[0]   (^) triggered by  leading edge of '@'
Path Groups: {default}
Analysis View: view_tc
- External Delay                0.000
+ Path Delay                  1000.000
= Required Time               1000.000
- Arrival Time                979.200
= Slack Time                   20.800
     Clock Rise Edge                      0.000
     + Input Delay                        0.000
     = Beginpoint Arrival Time            0.000
     +----------------------------------------------------------------------------------+ 
     | Instance |      Arc      |          Cell           |  Delay | Arrival | Required | 
     |          |               |                         |        |  Time   |   Time   | 
     |----------+---------------+-------------------------+--------+---------+----------| 
     |          | a[0] ^        |                         |        |   0.000 |   20.800 | 
     | U936     | A ^ -> Y v    | NAND2xp33_ASAP7_75t_L   | 17.800 |  17.800 |   38.600 | 
     | U937     | B v -> Y ^    | NAND2xp33_ASAP7_75t_L   | 17.200 |  35.000 |   55.800 | 
     | U938     | B ^ -> Y v    | OAI21xp33_ASAP7_75t_L   | 27.500 |  62.500 |   83.300 | 
     | U940     | A2 v -> Y ^   | OAI21xp33_ASAP7_75t_L   | 27.000 |  89.500 |  110.300 | 
     | U952     | A1 ^ -> Y v   | A2O1A1Ixp33_ASAP7_75t_L | 20.300 | 109.800 |  130.600 | 
     | U958     | A2 v -> Y ^   | AOI31xp33_ASAP7_75t_L   | 20.500 | 130.300 |  151.100 | 
     | U963     | A2 ^ -> Y v   | OAI21xp33_ASAP7_75t_L   | 23.300 | 153.600 |  174.400 | 
     | U969     | A2 v -> Y ^   | AOI31xp33_ASAP7_75t_L   | 25.300 | 178.900 |  199.700 | 
     | U983     | A1 ^ -> Y v   | OAI31xp33_ASAP7_75t_L   | 21.900 | 200.800 |  221.600 | 
     | U989     | A2 v -> Y ^   | AOI31xp33_ASAP7_75t_L   | 24.900 | 225.700 |  246.500 | 
     | U1002    | A1 ^ -> Y v   | OAI31xp33_ASAP7_75t_L   | 23.300 | 249.000 |  269.800 | 
     | U1008    | A2 v -> Y ^   | AOI31xp33_ASAP7_75t_L   | 25.200 | 274.200 |  295.000 | 
     | U1021    | A1 ^ -> Y v   | OAI31xp33_ASAP7_75t_L   | 21.600 | 295.800 |  316.600 | 
     | U1027    | A2 v -> Y ^   | AOI31xp33_ASAP7_75t_L   | 24.700 | 320.500 |  341.300 | 
     | U1040    | A1 ^ -> Y v   | OAI31xp33_ASAP7_75t_L   | 21.600 | 342.100 |  362.900 | 
     | U1046    | A2 v -> Y ^   | AOI31xp33_ASAP7_75t_L   | 24.800 | 366.900 |  387.700 | 
     | U1059    | A1 ^ -> Y v   | OAI31xp33_ASAP7_75t_L   | 21.900 | 388.800 |  409.600 | 
     | U1065    | A2 v -> Y ^   | AOI31xp33_ASAP7_75t_L   | 26.400 | 415.200 |  436.000 | 
     | U1078    | A1 ^ -> Y v   | OAI31xp33_ASAP7_75t_L   | 22.800 | 438.000 |  458.800 | 
     | U1084    | A2 v -> Y ^   | AOI31xp33_ASAP7_75t_L   | 22.800 | 460.800 |  481.600 | 
     | U1096    | A1 ^ -> Y v   | A2O1A1Ixp33_ASAP7_75t_L | 22.900 | 483.700 |  504.500 | 
     | U1106    | A2 v -> Y ^   | O2A1O1Ixp33_ASAP7_75t_L | 24.100 | 507.800 |  528.600 | 
     | U1118    | A1 ^ -> Y v   | A2O1A1Ixp33_ASAP7_75t_L | 22.900 | 530.700 |  551.500 | 
     | U1128    | A2 v -> Y ^   | O2A1O1Ixp33_ASAP7_75t_L | 22.400 | 553.100 |  573.900 | 
     | U1140    | A1 ^ -> Y v   | A2O1A1Ixp33_ASAP7_75t_L | 22.500 | 575.600 |  596.400 | 
     | U1150    | A2 v -> Y ^   | O2A1O1Ixp33_ASAP7_75t_L | 23.800 | 599.400 |  620.200 | 
     | U1162    | A1 ^ -> Y v   | A2O1A1Ixp33_ASAP7_75t_L | 22.900 | 622.300 |  643.100 | 
     | U1172    | A2 v -> Y ^   | O2A1O1Ixp33_ASAP7_75t_L | 22.600 | 644.900 |  665.700 | 
     | U1184    | A1 ^ -> Y v   | A2O1A1Ixp33_ASAP7_75t_L | 23.000 | 667.900 |  688.700 | 
     | U1194    | A2 v -> Y ^   | O2A1O1Ixp33_ASAP7_75t_L | 23.000 | 690.900 |  711.700 | 
     | U1206    | A1 ^ -> Y v   | A2O1A1Ixp33_ASAP7_75t_L | 23.100 | 714.000 |  734.800 | 
     | U1216    | A2 v -> Y ^   | O2A1O1Ixp33_ASAP7_75t_L | 28.700 | 742.700 |  763.500 | 
     | U1228    | A1 ^ -> Y v   | A2O1A1Ixp33_ASAP7_75t_L | 21.300 | 764.000 |  784.800 | 
     | U1237    | A1 v -> Y ^   | A2O1A1Ixp33_ASAP7_75t_L | 15.500 | 779.500 |  800.300 | 
     | U782     | B ^ -> Y v    | OAI21xp33_ASAP7_75t_L   | 27.800 | 807.300 |  828.100 | 
     | U1240    | A2 v -> Y ^   | OAI211xp5_ASAP7_75t_L   | 22.800 | 830.100 |  850.900 | 
     | U762     | B ^ -> Y v    | OAI21xp33_ASAP7_75t_L   | 28.200 | 858.300 |  879.100 | 
     | U1241    | B v -> Y ^    | NOR2xp33_ASAP7_75t_L    | 18.300 | 876.600 |  897.400 | 
     | U1242    | C ^ -> Y v    | AOI211xp5_ASAP7_75t_L   | 15.900 | 892.500 |  913.300 | 
     | U1246    | B v -> Y ^    | NOR2xp33_ASAP7_75t_L    | 29.900 | 922.400 |  943.200 | 
     | U781     | B2 ^ -> Y v   | OAI22xp33_ASAP7_75t_L   | 28.800 | 951.200 |  972.000 | 
     | U1250    | CI v -> CON ^ | FAx1_ASAP7_75t_L        | 19.500 | 970.700 |  991.500 | 
     | U1250    | CON ^ -> SN v | FAx1_ASAP7_75t_L        |  8.500 | 979.200 | 1000.000 | 
     |          | f[127] v      |                         |  0.000 | 979.200 | 1000.000 | 
     +----------------------------------------------------------------------------------+ 

** WARN:  (VOLTUS_POWR-2017):   Report Generation : Unknown option -verbose to the report_power command.


Power Net Detected:
    Voltage	    Name
    0.00V	    VSS
    0.70V	    VDD
Using Power View: view_tc.
Load RC corner of view view_tc
Set Default Frequency 100MHz.

Begin Power Analysis

    0.00V	    VSS
    0.70V	    VDD

Begin Processing Timing Library for Power Calculation

Begin Processing Timing Library for Power Calculation



Begin Processing Power Net/Grid for Power Calculation

Ended Processing Power Net/Grid for Power Calculation: (cpu=0:00:00, real=0:00:00, mem(process/total/peak)=1259.84MB/2643.55MB/1259.86MB)

Begin Processing Timing Window Data for Power Calculation

Ended Processing Timing Window Data for Power Calculation: (cpu=0:00:00, real=0:00:00, mem(process/total/peak)=1259.93MB/2643.55MB/1259.93MB)

Begin Processing User Attributes

Ended Processing User Attributes: (cpu=0:00:00, real=0:00:00, mem(process/total/peak)=1259.97MB/2643.55MB/1259.97MB)

Begin Processing Signal Activity


Starting Levelizing
2025-Jul-30 17:17:06 (2025-Jul-30 15:17:06 GMT)
2025-Jul-30 17:17:06 (2025-Jul-30 15:17:06 GMT): 10%
2025-Jul-30 17:17:06 (2025-Jul-30 15:17:06 GMT): 20%
2025-Jul-30 17:17:06 (2025-Jul-30 15:17:06 GMT): 30%
2025-Jul-30 17:17:06 (2025-Jul-30 15:17:06 GMT): 40%
2025-Jul-30 17:17:06 (2025-Jul-30 15:17:06 GMT): 50%
2025-Jul-30 17:17:06 (2025-Jul-30 15:17:06 GMT): 60%
2025-Jul-30 17:17:06 (2025-Jul-30 15:17:06 GMT): 70%
2025-Jul-30 17:17:06 (2025-Jul-30 15:17:06 GMT): 80%
2025-Jul-30 17:17:06 (2025-Jul-30 15:17:06 GMT): 90%

Finished Levelizing
2025-Jul-30 17:17:06 (2025-Jul-30 15:17:06 GMT)

Starting Activity Propagation
2025-Jul-30 17:17:06 (2025-Jul-30 15:17:06 GMT)
** INFO:  (VOLTUS_POWR-1356): No default input activity has been set. Defaulting to 0.2.
Use 'set_default_switching_activity -input_activity' command to change the default activity value.

2025-Jul-30 17:17:06 (2025-Jul-30 15:17:06 GMT): 10%
2025-Jul-30 17:17:06 (2025-Jul-30 15:17:06 GMT): 20%
2025-Jul-30 17:17:06 (2025-Jul-30 15:17:06 GMT): 30%
2025-Jul-30 17:17:06 (2025-Jul-30 15:17:06 GMT): 40%

Finished Activity Propagation
2025-Jul-30 17:17:06 (2025-Jul-30 15:17:06 GMT)
Ended Processing Signal Activity: (cpu=0:00:00, real=0:00:00, mem(process/total/peak)=1260.17MB/2643.55MB/1260.17MB)

Begin Power Computation

      ----------------------------------------------------------
      # of cell(s) missing both power/leakage table: 0
      # of cell(s) missing power table: 0
      # of cell(s) missing leakage table: 0
      # of MSMV cell(s) missing power_level: 0
      ----------------------------------------------------------



Starting Calculating power
2025-Jul-30 17:17:06 (2025-Jul-30 15:17:06 GMT)
2025-Jul-30 17:17:06 (2025-Jul-30 15:17:06 GMT): 10%
2025-Jul-30 17:17:06 (2025-Jul-30 15:17:06 GMT): 20%
2025-Jul-30 17:17:06 (2025-Jul-30 15:17:06 GMT): 30%
2025-Jul-30 17:17:06 (2025-Jul-30 15:17:06 GMT): 40%
2025-Jul-30 17:17:06 (2025-Jul-30 15:17:06 GMT): 50%
2025-Jul-30 17:17:06 (2025-Jul-30 15:17:06 GMT): 60%
2025-Jul-30 17:17:06 (2025-Jul-30 15:17:06 GMT): 70%
2025-Jul-30 17:17:06 (2025-Jul-30 15:17:06 GMT): 80%
2025-Jul-30 17:17:06 (2025-Jul-30 15:17:06 GMT): 90%

Finished Calculating power
2025-Jul-30 17:17:06 (2025-Jul-30 15:17:06 GMT)
Ended Power Computation: (cpu=0:00:00, real=0:00:00, mem(process/total/peak)=1278.02MB/2660.31MB/1278.03MB)

Begin Processing User Attributes

Ended Processing User Attributes: (cpu=0:00:00, real=0:00:00, mem(process/total/peak)=1278.03MB/2660.31MB/1278.08MB)

Ended Power Analysis: (cpu=0:00:00, real=0:00:00, mem(process/total/peak)=1278.08MB/2660.31MB/1278.09MB)

Begin Static Power Report Generation
*----------------------------------------------------------------------------------------
*	Innovus 18.15-s095_1 (64bit) 08/28/2019 09:30 (Linux 2.6.18-194.el5)
*	
*
* 	Date & Time:	2025-Jul-30 17:17:06 (2025-Jul-30 15:17:06 GMT)
*
*----------------------------------------------------------------------------------------
*
*	Design: adder
*
*	Liberty Libraries used:
*	        view_tc: ./lib/asap7sc7p5t_AO_LVT_TT_nldm_211120.lib
*	        view_tc: ./lib/asap7sc7p5t_INVBUF_LVT_TT_nldm_220122.lib
*	        view_tc: ./lib/asap7sc7p5t_OA_LVT_TT_nldm_211120.lib
*	        view_tc: ./lib/asap7sc7p5t_SEQ_LVT_TT_nldm_220123.lib
*	        view_tc: ./lib/asap7sc7p5t_SIMPLE_LVT_TT_nldm_211120.lib
*	        view_tc: ./lib/asap7sc7p5t_AO_SLVT_TT_nldm_211120.lib
*	        view_tc: ./lib/asap7sc7p5t_INVBUF_SLVT_TT_nldm_220122.lib
*	        view_tc: ./lib/asap7sc7p5t_OA_SLVT_TT_nldm_211120.lib
*	        view_tc: ./lib/asap7sc7p5t_SEQ_SLVT_TT_nldm_220123.lib
*	        view_tc: ./lib/asap7sc7p5t_SIMPLE_SLVT_TT_nldm_211120.lib
*
*	Parasitic Files used:
*
*       Power View : view_tc
*
*       User-Defined Activity : N.A.
*
*       Activity File: N.A.
*
*       Hierarchical Global Activity: N.A.
*
*       Global Activity: N.A.
*
*       Sequential Element Activity: 0.200000
*
*       Primary Input Activity: 0.200000
*
*       Default icg ratio: N.A.
*
*       Global Comb ClockGate Ratio: N.A.
*
*	Power Units = 1mW
*
*	Time Units = 1e-12 secs
*
*       report_power -hierarchy
*
-----------------------------------------------------------------------------------------
*



Total Power
-----------------------------------------------------------------------------------------
Total Internal Power:        0.00693453 	   50.0808%
Total Switching Power:       0.00628201 	   45.3683%
Total Leakage Power:         0.00063015 	    4.5509%
Total Power:                 0.01384669
-----------------------------------------------------------------------------------------


Group                           Internal   Switching     Leakage       Total  Percentage 
                                Power      Power         Power         Power  (%)        
-----------------------------------------------------------------------------------------
Sequential                             0           0           0           0           0
Macro                                  0           0           0           0           0
IO                                     0           0           0           0           0
Combinational                   0.006935    0.006282   0.0006302     0.01385         100
Clock (Combinational)                  0           0           0           0           0
Clock (Sequential)                     0           0           0           0           0
-----------------------------------------------------------------------------------------
Total                           0.006935    0.006282   0.0006302     0.01385         100
-----------------------------------------------------------------------------------------


Rail                  Voltage   Internal   Switching     Leakage       Total  Percentage 
                                Power      Power         Power         Power  (%)        
-----------------------------------------------------------------------------------------
VDD                       0.7   0.006935    0.006282   0.0006302     0.01385         100


Hierarchy                       Internal   Switching     Leakage       Total  Percentage 
                                Power      Power         Power         Power  (%)        
-----------------------------------------------------------------------------------------
 
 
-----------------------------------------------------------------------------------------
*	Power Distribution Summary: 
*              Highest Average Power:                     U1453 (AO31x2_ASAP7_75t_L):        7.716e-05
*              Highest Leakage Power:                     U1541 (AO31x2_ASAP7_75t_L):        2.521e-06
*                Total Cap:      8.55015e-13 F
*                Total instances in design:   831
*                Total instances in design with no power:     0
*                Total instances in design with no activty:     0

*                Total Fillers and Decap:     0
-----------------------------------------------------------------------------------------
 
Ended Static Power Report Generation: (cpu=0:00:00, real=0:00:00,
mem(process/total/peak)=1278.48MB/2660.31MB/1278.57MB)

